[0713/172227.072:ERROR:process_memory_win.cc(73)] ReadMemory at 0x13ffb0000 of 64 bytes failed: Запрос ReadProcessMemory или WriteProcessMemory был выполнен только частично. (0x12B)
[0713/172227.245:WARNING:pe_image_reader.cc(340)] could not read dos header from C:\Program Files (x86)\Google\Chrome\Application\chrome.exe
[0713/172227.245:ERROR:process_memory_win.cc(73)] ReadMemory at 0x77620000 of 64 bytes failed: Запрос ReadProcessMemory или WriteProcessMemory был выполнен только частично. (0x12B)
[0713/172227.246:WARNING:pe_image_reader.cc(340)] could not read dos header from C:\Windows\SYSTEM32\ntdll.dll
[0713/172227.246:ERROR:process_memory_win.cc(73)] ReadMemory at 0x77500000 of 64 bytes failed: Запрос ReadProcessMemory или WriteProcessMemory был выполнен только частично. (0x12B)
[0713/172227.246:WARNING:pe_image_reader.cc(340)] could not read dos header from C:\Windows\system32\kernel32.dll
[0713/172227.246:ERROR:process_memory_win.cc(73)] ReadMemory at 0x7fefd670000 of 64 bytes failed: Запрос ReadProcessMemory или WriteProcessMemory был выполнен только частично. (0x12B)
[0713/172227.246:WARNING:pe_image_reader.cc(340)] could not read dos header from C:\Windows\system32\KERNELBASE.dll
[0713/172227.246:ERROR:process_memory_win.cc(73)] ReadMemory at 0x7fee3640000 of 64 bytes failed: Запрос ReadProcessMemory или WriteProcessMemory был выполнен только частично. (0x12B)
[0713/172227.246:WARNING:pe_image_reader.cc(340)] could not read dos header from C:\Program Files (x86)\Google\Chrome\Application\83.0.4103.116\chrome_elf.dll
[0713/172227.246:ERROR:process_memory_win.cc(73)] ReadMemory at 0x7fefc3f0000 of 64 bytes failed: Запрос ReadProcessMemory или WriteProcessMemory был выполнен только частично. (0x12B)
[0713/172227.246:WARNING:pe_image_reader.cc(340)] could not read dos header from C:\Windows\system32\VERSION.dll
[0713/172227.246:ERROR:process_memory_win.cc(73)] ReadMemory at 0x7feff7f0000 of 64 bytes failed: Запрос ReadProcessMemory или WriteProcessMemory был выполнен только частично. (0x12B)
[0713/172227.246:WARNING:pe_image_reader.cc(340)] could not read dos header from C:\Windows\system32\msvcrt.dll
[0713/172227.247:ERROR:process_memory_win.cc(73)] ReadMemory at 0x7fef94e0000 of 64 bytes failed: Запрос ReadProcessMemory или WriteProcessMemory был выполнен только частично. (0x12B)
[0713/172227.247:WARNING:pe_image_reader.cc(340)] could not read dos header from C:\Windows\system32\api-ms-win-core-synch-l1-2-0.DLL
[0713/172227.247:ERROR:process_memory_win.cc(73)] ReadMemory at 0x7fefd9d0000 of 64 bytes failed: Запрос ReadProcessMemory или WriteProcessMemory был выполнен только частично. (0x12B)
[0713/172227.247:WARNING:pe_image_reader.cc(340)] could not read dos header from C:\Windows\system32\GDI32.dll
[0713/172227.247:ERROR:process_memory_win.cc(73)] ReadMemory at 0x77400000 of 64 bytes failed: Запрос ReadProcessMemory или WriteProcessMemory был выполнен только частично. (0x12B)
[0713/172227.247:WARNING:pe_image_reader.cc(340)] could not read dos header from C:\Windows\system32\USER32.dll
[0713/172227.247:ERROR:process_memory_win.cc(73)] ReadMemory at 0x7fefeeb0000 of 64 bytes failed: Запрос ReadProcessMemory или WriteProcessMemory был выполнен только частично. (0x12B)
[0713/172227.247:WARNING:pe_image_reader.cc(340)] could not read dos header from C:\Windows\system32\LPK.dll
[0713/172227.247:ERROR:process_memory_win.cc(73)] ReadMemory at 0x7fefeec0000 of 64 bytes failed: Запрос ReadProcessMemory или WriteProcessMemory был выполнен только частично. (0x12B)
[0713/172227.247:WARNING:pe_image_reader.cc(340)] could not read dos header from C:\Windows\system32\USP10.dll
[0713/172227.247:ERROR:process_memory_win.cc(73)] ReadMemory at 0x7feff7c0000 of 64 bytes failed: Запрос ReadProcessMemory или WriteProcessMemory был выполнен только частично. (0x12B)
[0713/172227.247:WARNING:pe_image_reader.cc(340)] could not read dos header from C:\Windows\system32\IMM32.DLL
[0713/172227.247:ERROR:process_memory_win.cc(73)] ReadMemory at 0x7fefdc20000 of 64 bytes failed: Запрос ReadProcessMemory или WriteProcessMemory был выполнен только частично. (0x12B)
[0713/172227.248:WARNING:pe_image_reader.cc(340)] could not read dos header from C:\Windows\system32\MSCTF.dll
[0713/172227.248:ERROR:process_memory_win.cc(73)] ReadMemory at 0x7fefd2f0000 of 64 bytes failed: Запрос ReadProcessMemory или WriteProcessMemory был выполнен только частично. (0x12B)
[0713/172227.248:WARNING:pe_image_reader.cc(340)] could not read dos header from C:\Windows\system32\nvinitx.dll
[0713/172227.248:ERROR:process_memory_win.cc(73)] ReadMemory at 0x7feff560000 of 64 bytes failed: Запрос ReadProcessMemory или WriteProcessMemory был выполнен только частично. (0x12B)
[0713/172227.248:WARNING:pe_image_reader.cc(340)] could not read dos header from C:\Windows\system32\ADVAPI32.dll
[0713/172227.248:ERROR:process_memory_win.cc(73)] ReadMemory at 0x7feff280000 of 64 bytes failed: Запрос ReadProcessMemory или WriteProcessMemory был выполнен только частично. (0x12B)
[0713/172227.248:WARNING:pe_image_reader.cc(340)] could not read dos header from C:\Windows\SYSTEM32\sechost.dll
[0713/172227.248:ERROR:process_memory_win.cc(73)] ReadMemory at 0x7fefed70000 of 64 bytes failed: Запрос ReadProcessMemory или WriteProcessMemory был выполнен только частично. (0x12B)
[0713/172227.248:WARNING:pe_image_reader.cc(340)] could not read dos header from C:\Windows\system32\RPCRT4.dll
[0713/172227.248:ERROR:process_memory_win.cc(73)] ReadMemory at 0x7fec3b00000 of 64 bytes failed: Запрос ReadProcessMemory или WriteProcessMemory был выполнен только частично. (0x12B)
[0713/172227.248:WARNING:pe_image_reader.cc(340)] could not read dos header from C:\Program Files (x86)\Google\Chrome\Application\83.0.4103.116\chrome.dll
[0713/172227.248:ERROR:process_memory_win.cc(73)] ReadMemory at 0x7fefd980000 of 64 bytes failed: Запрос ReadProcessMemory или WriteProcessMemory был выполнен только частично. (0x12B)
[0713/172227.248:WARNING:pe_image_reader.cc(340)] could not read dos header from C:\Windows\system32\WS2_32.dll
[0713/172227.248:ERROR:process_memory_win.cc(73)] ReadMemory at 0x7fefeea0000 of 64 bytes failed: Запрос ReadProcessMemory или WriteProcessMemory был выполнен только частично. (0x12B)
[0713/172227.249:WARNING:pe_image_reader.cc(340)] could not read dos header from C:\Windows\system32\NSI.dll
[0713/172227.249:ERROR:process_memory_win.cc(73)] ReadMemory at 0x7fefa940000 of 64 bytes failed: Запрос ReadProcessMemory или WriteProcessMemory был выполнен только частично. (0x12B)
[0713/172227.249:WARNING:pe_image_reader.cc(340)] could not read dos header from C:\Windows\system32\IPHLPAPI.DLL
[0713/172227.249:ERROR:process_memory_win.cc(73)] ReadMemory at 0x7fefa900000 of 64 bytes failed: Запрос ReadProcessMemory или WriteProcessMemory был выполнен только частично. (0x12B)
[0713/172227.249:WARNING:pe_image_reader.cc(340)] could not read dos header from C:\Windows\system32\WINNSI.DLL
[0713/172227.249:ERROR:process_memory_win.cc(73)] ReadMemory at 0x7feff6e0000 of 64 bytes failed: Запрос ReadProcessMemory или WriteProcessMemory был выполнен только частично. (0x12B)
[0713/172227.249:WARNING:pe_image_reader.cc(340)] could not read dos header from C:\Windows\system32\OLEAUT32.dll
[0713/172227.249:ERROR:process_memory_win.cc(73)] ReadMemory at 0x7fefd780000 of 64 bytes failed: Запрос ReadProcessMemory или WriteProcessMemory был выполнен только частично. (0x12B)
[0713/172227.249:WARNING:pe_image_reader.cc(340)] could not read dos header from C:\Windows\system32\ole32.dll
[0713/172227.249:ERROR:process_memory_win.cc(73)] ReadMemory at 0x7fefa840000 of 64 bytes failed: Запрос ReadProcessMemory или WriteProcessMemory был выполнен только частично. (0x12B)
[0713/172227.249:WARNING:pe_image_reader.cc(340)] could not read dos header from C:\Windows\system32\WINMM.dll
[0713/172227.249:ERROR:process_memory_win.cc(73)] ReadMemory at 0x7fefcf90000 of 64 bytes failed: Запрос ReadProcessMemory или WriteProcessMemory был выполнен только частично. (0x12B)
[0713/172227.249:WARNING:pe_image_reader.cc(340)] could not read dos header from C:\Windows\system32\Secur32.dll
[0713/172227.249:ERROR:process_memory_win.cc(73)] ReadMemory at 0x7fefd150000 of 64 bytes failed: Запрос ReadProcessMemory или WriteProcessMemory был выполнен только частично. (0x12B)
[0713/172227.250:WARNING:pe_image_reader.cc(340)] could not read dos header from C:\Windows\system32\SSPICLI.DLL
[0713/172227.250:ERROR:process_memory_win.cc(73)] ReadMemory at 0x7fefd5b0000 of 64 bytes failed: Запрос ReadProcessMemory или WriteProcessMemory был выполнен только частично. (0x12B)
[0713/172227.250:WARNING:pe_image_reader.cc(340)] could not read dos header from C:\Windows\system32\USERENV.dll
[0713/172227.250:ERROR:process_memory_win.cc(73)] ReadMemory at 0x7fefd3c0000 of 64 bytes failed: Запрос ReadProcessMemory или WriteProcessMemory был выполнен только частично. (0x12B)
[0713/172227.250:WARNING:pe_image_reader.cc(340)] could not read dos header from C:\Windows\system32\profapi.dll
[0713/172227.250:ERROR:process_memory_win.cc(73)] ReadMemory at 0x7fefd6f0000 of 64 bytes failed: Запрос ReadProcessMemory или WriteProcessMemory был выполнен только частично. (0x12B)
[0713/172227.250:WARNING:pe_image_reader.cc(340)] could not read dos header from C:\Windows\system32\WINTRUST.dll
[0713/172227.250:ERROR:process_memory_win.cc(73)] ReadMemory at 0x7fefd440000 of 64 bytes failed: Запрос ReadProcessMemory или WriteProcessMemory был выполнен только частично. (0x12B)
[0713/172227.250:WARNING:pe_image_reader.cc(340)] could not read dos header from C:\Windows\system32\CRYPT32.dll
[0713/172227.250:ERROR:process_memory_win.cc(73)] ReadMemory at 0x7fefd3d0000 of 64 bytes failed: Запрос ReadProcessMemory или WriteProcessMemory был выполнен только частично. (0x12B)
[0713/172227.250:WARNING:pe_image_reader.cc(340)] could not read dos header from C:\Windows\system32\MSASN1.dll
[0713/172227.250:ERROR:process_memory_win.cc(73)] ReadMemory at 0x7fef2130000 of 64 bytes failed: Запрос ReadProcessMemory или WriteProcessMemory был выполнен только частично. (0x12B)
[0713/172227.250:WARNING:pe_image_reader.cc(340)] could not read dos header from C:\Windows\system32\UIAutomationCore.DLL
[0713/172227.250:ERROR:process_memory_win.cc(73)] ReadMemory at 0x777d0000 of 64 bytes failed: Запрос ReadProcessMemory или WriteProcessMemory был выполнен только частично. (0x12B)
[0713/172227.250:WARNING:pe_image_reader.cc(340)] could not read dos header from C:\Windows\system32\PSAPI.DLL
[0713/172227.251:ERROR:process_memory_win.cc(73)] ReadMemory at 0x7fefc390000 of 64 bytes failed: Запрос ReadProcessMemory или WriteProcessMemory был выполнен только частично. (0x12B)
[0713/172227.251:WARNING:pe_image_reader.cc(340)] could not read dos header from C:\Windows\system32\OLEACC.dll
[0713/172227.251:ERROR:process_memory_win.cc(73)] ReadMemory at 0x7fef2cb0000 of 64 bytes failed: Запрос ReadProcessMemory или WriteProcessMemory был выполнен только частично. (0x12B)
[0713/172227.251:WARNING:pe_image_reader.cc(340)] could not read dos header from C:\Windows\system32\DWrite.dll
[0713/172227.251:ERROR:process_memory_win.cc(73)] ReadMemory at 0x7fefa700000 of 64 bytes failed: Запрос ReadProcessMemory или WriteProcessMemory был выполнен только частично. (0x12B)
[0713/172227.251:WARNING:pe_image_reader.cc(340)] could not read dos header from C:\Windows\system32\WINSPOOL.DRV
[0713/172227.251:ERROR:process_memory_win.cc(73)] ReadMemory at 0x7fef3500000 of 64 bytes failed: Запрос ReadProcessMemory или WriteProcessMemory был выполнен только частично. (0x12B)
[0713/172227.251:WARNING:pe_image_reader.cc(340)] could not read dos header from C:\Windows\system32\dbghelp.dll
[0713/172227.251:ERROR:process_memory_win.cc(73)] ReadMemory at 0x7fefa620000 of 64 bytes failed: Запрос ReadProcessMemory или WriteProcessMemory был выполнен только частично. (0x12B)
[0713/172227.251:WARNING:pe_image_reader.cc(340)] could not read dos header from C:\Windows\system32\WINHTTP.dll
[0713/172227.251:ERROR:process_memory_win.cc(73)] ReadMemory at 0x7fefa570000 of 64 bytes failed: Запрос ReadProcessMemory или WriteProcessMemory был выполнен только частично. (0x12B)
[0713/172227.251:WARNING:pe_image_reader.cc(340)] could not read dos header from C:\Windows\system32\webio.dll
[0713/172227.251:ERROR:process_memory_win.cc(73)] ReadMemory at 0x7fefa7c0000 of 64 bytes failed: Запрос ReadProcessMemory или WriteProcessMemory был выполнен только частично. (0x12B)
[0713/172227.251:WARNING:pe_image_reader.cc(340)] could not read dos header from C:\Windows\system32\dhcpcsvc.DLL
[0713/172227.251:ERROR:process_memory_win.cc(73)] ReadMemory at 0x7fefd1e0000 of 64 bytes failed: Запрос ReadProcessMemory или WriteProcessMemory был выполнен только частично. (0x12B)
[0713/172227.252:WARNING:pe_image_reader.cc(340)] could not read dos header from C:\Windows\system32\cryptbase.dll
[0713/172227.252:ERROR:process_memory_win.cc(73)] ReadMemory at 0x7fefbd20000 of 64 bytes failed: Запрос ReadProcessMemory или WriteProcessMemory был выполнен только частично. (0x12B)
[0713/172227.252:WARNING:pe_image_reader.cc(340)] could not read dos header from C:\Windows\system32\uxtheme.dll
[0713/172227.467:ERROR:process_memory_win.cc(73)] ReadMemory at 0x13ffb0000 of 64 bytes failed: Запрос ReadProcessMemory или WriteProcessMemory был выполнен только частично. (0x12B)
[0713/172227.467:WARNING:pe_image_reader.cc(340)] could not read dos header from C:\Program Files (x86)\Google\Chrome\Application\chrome.exe
[0713/172227.467:ERROR:process_memory_win.cc(73)] ReadMemory at 0x77620000 of 64 bytes failed: Запрос ReadProcessMemory или WriteProcessMemory был выполнен только частично. (0x12B)
[0713/172227.467:WARNING:pe_image_reader.cc(340)] could not read dos header from C:\Windows\SYSTEM32\ntdll.dll
[0713/172227.468:ERROR:process_memory_win.cc(73)] ReadMemory at 0x77500000 of 64 bytes failed: Запрос ReadProcessMemory или WriteProcessMemory был выполнен только частично. (0x12B)
[0713/172227.468:WARNING:pe_image_reader.cc(340)] could not read dos header from C:\Windows\system32\kernel32.dll
[0713/172227.468:ERROR:process_memory_win.cc(73)] ReadMemory at 0x7fefd670000 of 64 bytes failed: Запрос ReadProcessMemory или WriteProcessMemory был выполнен только частично. (0x12B)
[0713/172227.468:WARNING:pe_image_reader.cc(340)] could not read dos header from C:\Windows\system32\KERNELBASE.dll
[0713/172227.468:ERROR:process_memory_win.cc(73)] ReadMemory at 0x7fee3640000 of 64 bytes failed: Запрос ReadProcessMemory или WriteProcessMemory был выполнен только частично. (0x12B)
[0713/172227.468:WARNING:pe_image_reader.cc(340)] could not read dos header from C:\Program Files (x86)\Google\Chrome\Application\83.0.4103.116\chrome_elf.dll
[0713/172227.468:ERROR:process_memory_win.cc(73)] ReadMemory at 0x7fefc3f0000 of 64 bytes failed: Запрос ReadProcessMemory или WriteProcessMemory был выполнен только частично. (0x12B)
[0713/172227.468:WARNING:pe_image_reader.cc(340)] could not read dos header from C:\Windows\system32\VERSION.dll
[0713/172227.468:ERROR:process_memory_win.cc(73)] ReadMemory at 0x7feff7f0000 of 64 bytes failed: Запрос ReadProcessMemory или WriteProcessMemory был выполнен только частично. (0x12B)
[0713/172227.468:WARNING:pe_image_reader.cc(340)] could not read dos header from C:\Windows\system32\msvcrt.dll
[0713/172227.468:ERROR:process_memory_win.cc(73)] ReadMemory at 0x7fef94e0000 of 64 bytes failed: Запрос ReadProcessMemory или WriteProcessMemory был выполнен только частично. (0x12B)
[0713/172227.468:WARNING:pe_image_reader.cc(340)] could not read dos header from C:\Windows\system32\api-ms-win-core-synch-l1-2-0.DLL
[0713/172227.469:ERROR:process_memory_win.cc(73)] ReadMemory at 0x7fefd9d0000 of 64 bytes failed: Запрос ReadProcessMemory или WriteProcessMemory был выполнен только частично. (0x12B)
[0713/172227.469:WARNING:pe_image_reader.cc(340)] could not read dos header from C:\Windows\system32\GDI32.dll
[0713/172227.469:ERROR:process_memory_win.cc(73)] ReadMemory at 0x77400000 of 64 bytes failed: Запрос ReadProcessMemory или WriteProcessMemory был выполнен только частично. (0x12B)
[0713/172227.469:WARNING:pe_image_reader.cc(340)] could not read dos header from C:\Windows\system32\USER32.dll
[0713/172227.469:ERROR:process_memory_win.cc(73)] ReadMemory at 0x7fefeeb0000 of 64 bytes failed: Запрос ReadProcessMemory или WriteProcessMemory был выполнен только частично. (0x12B)
[0713/172227.469:WARNING:pe_image_reader.cc(340)] could not read dos header from C:\Windows\system32\LPK.dll
[0713/172227.469:ERROR:process_memory_win.cc(73)] ReadMemory at 0x7fefeec0000 of 64 bytes failed: Запрос ReadProcessMemory или WriteProcessMemory был выполнен только частично. (0x12B)
[0713/172227.469:WARNING:pe_image_reader.cc(340)] could not read dos header from C:\Windows\system32\USP10.dll
[0713/172227.469:ERROR:process_memory_win.cc(73)] ReadMemory at 0x7feff7c0000 of 64 bytes failed: Запрос ReadProcessMemory или WriteProcessMemory был выполнен только частично. (0x12B)
[0713/172227.469:WARNING:pe_image_reader.cc(340)] could not read dos header from C:\Windows\system32\IMM32.DLL
[0713/172227.469:ERROR:process_memory_win.cc(73)] ReadMemory at 0x7fefdc20000 of 64 bytes failed: Запрос ReadProcessMemory или WriteProcessMemory был выполнен только частично. (0x12B)
[0713/172227.469:WARNING:pe_image_reader.cc(340)] could not read dos header from C:\Windows\system32\MSCTF.dll
[0713/172227.470:ERROR:process_memory_win.cc(73)] ReadMemory at 0x7fefd2f0000 of 64 bytes failed: Запрос ReadProcessMemory или WriteProcessMemory был выполнен только частично. (0x12B)
[0713/172227.470:WARNING:pe_image_reader.cc(340)] could not read dos header from C:\Windows\system32\nvinitx.dll
[0713/172227.470:ERROR:process_memory_win.cc(73)] ReadMemory at 0x7feff560000 of 64 bytes failed: Запрос ReadProcessMemory или WriteProcessMemory был выполнен только частично. (0x12B)
[0713/172227.470:WARNING:pe_image_reader.cc(340)] could not read dos header from C:\Windows\system32\ADVAPI32.dll
[0713/172227.470:ERROR:process_memory_win.cc(73)] ReadMemory at 0x7feff280000 of 64 bytes failed: Запрос ReadProcessMemory или WriteProcessMemory был выполнен только частично. (0x12B)
[0713/172227.470:WARNING:pe_image_reader.cc(340)] could not read dos header from C:\Windows\SYSTEM32\sechost.dll
[0713/172227.470:ERROR:process_memory_win.cc(73)] ReadMemory at 0x7fefed70000 of 64 bytes failed: Запрос ReadProcessMemory или WriteProcessMemory был выполнен только частично. (0x12B)
[0713/172227.470:WARNING:pe_image_reader.cc(340)] could not read dos header from C:\Windows\system32\RPCRT4.dll
[0713/172227.470:ERROR:process_memory_win.cc(73)] ReadMemory at 0x7fec3b00000 of 64 bytes failed: Запрос ReadProcessMemory или WriteProcessMemory был выполнен только частично. (0x12B)
[0713/172227.470:WARNING:pe_image_reader.cc(340)] could not read dos header from C:\Program Files (x86)\Google\Chrome\Application\83.0.4103.116\chrome.dll
[0713/172227.470:ERROR:process_memory_win.cc(73)] ReadMemory at 0x7fefd980000 of 64 bytes failed: Запрос ReadProcessMemory или WriteProcessMemory был выполнен только частично. (0x12B)
[0713/172227.470:WARNING:pe_image_reader.cc(340)] could not read dos header from C:\Windows\system32\WS2_32.dll
[0713/172227.470:ERROR:process_memory_win.cc(73)] ReadMemory at 0x7fefeea0000 of 64 bytes failed: Запрос ReadProcessMemory или WriteProcessMemory был выполнен только частично. (0x12B)
[0713/172227.470:WARNING:pe_image_reader.cc(340)] could not read dos header from C:\Windows\system32\NSI.dll
[0713/172227.471:ERROR:process_memory_win.cc(73)] ReadMemory at 0x7fefa940000 of 64 bytes failed: Запрос ReadProcessMemory или WriteProcessMemory был выполнен только частично. (0x12B)
[0713/172227.471:WARNING:pe_image_reader.cc(340)] could not read dos header from C:\Windows\system32\IPHLPAPI.DLL
[0713/172227.471:ERROR:process_memory_win.cc(73)] ReadMemory at 0x7fefa900000 of 64 bytes failed: Запрос ReadProcessMemory или WriteProcessMemory был выполнен только частично. (0x12B)
[0713/172227.471:WARNING:pe_image_reader.cc(340)] could not read dos header from C:\Windows\system32\WINNSI.DLL
[0713/172227.471:ERROR:process_memory_win.cc(73)] ReadMemory at 0x7feff6e0000 of 64 bytes failed: Запрос ReadProcessMemory или WriteProcessMemory был выполнен только частично. (0x12B)
[0713/172227.471:WARNING:pe_image_reader.cc(340)] could not read dos header from C:\Windows\system32\OLEAUT32.dll
[0713/172227.471:ERROR:process_memory_win.cc(73)] ReadMemory at 0x7fefd780000 of 64 bytes failed: Запрос ReadProcessMemory или WriteProcessMemory был выполнен только частично. (0x12B)
[0713/172227.471:WARNING:pe_image_reader.cc(340)] could not read dos header from C:\Windows\system32\ole32.dll
[0713/172227.471:ERROR:process_memory_win.cc(73)] ReadMemory at 0x7fefa840000 of 64 bytes failed: Запрос ReadProcessMemory или WriteProcessMemory был выполнен только частично. (0x12B)
[0713/172227.471:WARNING:pe_image_reader.cc(340)] could not read dos header from C:\Windows\system32\WINMM.dll
[0713/172227.471:ERROR:process_memory_win.cc(73)] ReadMemory at 0x7fefcf90000 of 64 bytes failed: Запрос ReadProcessMemory или WriteProcessMemory был выполнен только частично. (0x12B)
[0713/172227.471:WARNING:pe_image_reader.cc(340)] could not read dos header from C:\Windows\system32\Secur32.dll
[0713/172227.471:ERROR:process_memory_win.cc(73)] ReadMemory at 0x7fefd150000 of 64 bytes failed: Запрос ReadProcessMemory или WriteProcessMemory был выполнен только частично. (0x12B)
[0713/172227.471:WARNING:pe_image_reader.cc(340)] could not read dos header from C:\Windows\system32\SSPICLI.DLL
[0713/172227.472:ERROR:process_memory_win.cc(73)] ReadMemory at 0x7fefd5b0000 of 64 bytes failed: Запрос ReadProcessMemory или WriteProcessMemory был выполнен только частично. (0x12B)
[0713/172227.472:WARNING:pe_image_reader.cc(340)] could not read dos header from C:\Windows\system32\USERENV.dll
[0713/172227.472:ERROR:process_memory_win.cc(73)] ReadMemory at 0x7fefd3c0000 of 64 bytes failed: Запрос ReadProcessMemory или WriteProcessMemory был выполнен только частично. (0x12B)
[0713/172227.472:WARNING:pe_image_reader.cc(340)] could not read dos header from C:\Windows\system32\profapi.dll
[0713/172227.472:ERROR:process_memory_win.cc(73)] ReadMemory at 0x7fefd6f0000 of 64 bytes failed: Запрос ReadProcessMemory или WriteProcessMemory был выполнен только частично. (0x12B)
[0713/172227.472:WARNING:pe_image_reader.cc(340)] could not read dos header from C:\Windows\system32\WINTRUST.dll
[0713/172227.472:ERROR:process_memory_win.cc(73)] ReadMemory at 0x7fefd440000 of 64 bytes failed: Запрос ReadProcessMemory или WriteProcessMemory был выполнен только частично. (0x12B)
[0713/172227.472:WARNING:pe_image_reader.cc(340)] could not read dos header from C:\Windows\system32\CRYPT32.dll
[0713/172227.472:ERROR:process_memory_win.cc(73)] ReadMemory at 0x7fefd3d0000 of 64 bytes failed: Запрос ReadProcessMemory или WriteProcessMemory был выполнен только частично. (0x12B)
[0713/172227.472:WARNING:pe_image_reader.cc(340)] could not read dos header from C:\Windows\system32\MSASN1.dll
[0713/172227.472:ERROR:process_memory_win.cc(73)] ReadMemory at 0x7fef2130000 of 64 bytes failed: Запрос ReadProcessMemory или WriteProcessMemory был выполнен только частично. (0x12B)
[0713/172227.472:WARNING:pe_image_reader.cc(340)] could not read dos header from C:\Windows\system32\UIAutomationCore.DLL
[0713/172227.472:ERROR:process_memory_win.cc(73)] ReadMemory at 0x777d0000 of 64 bytes failed: Запрос ReadProcessMemory или WriteProcessMemory был выполнен только частично. (0x12B)
[0713/172227.472:WARNING:pe_image_reader.cc(340)] could not read dos header from C:\Windows\system32\PSAPI.DLL
[0713/172227.472:ERROR:process_memory_win.cc(73)] ReadMemory at 0x7fefc390000 of 64 bytes failed: Запрос ReadProcessMemory или WriteProcessMemory был выполнен только частично. (0x12B)
[0713/172227.473:WARNING:pe_image_reader.cc(340)] could not read dos header from C:\Windows\system32\OLEACC.dll
[0713/172227.473:ERROR:process_memory_win.cc(73)] ReadMemory at 0x7fef2cb0000 of 64 bytes failed: Запрос ReadProcessMemory или WriteProcessMemory был выполнен только частично. (0x12B)
[0713/172227.473:WARNING:pe_image_reader.cc(340)] could not read dos header from C:\Windows\system32\DWrite.dll
[0713/172227.473:ERROR:process_memory_win.cc(73)] ReadMemory at 0x7fefa700000 of 64 bytes failed: Запрос ReadProcessMemory или WriteProcessMemory был выполнен только частично. (0x12B)
[0713/172227.473:WARNING:pe_image_reader.cc(340)] could not read dos header from C:\Windows\system32\WINSPOOL.DRV
[0713/172227.473:ERROR:process_memory_win.cc(73)] ReadMemory at 0x7fef3500000 of 64 bytes failed: Запрос ReadProcessMemory или WriteProcessMemory был выполнен только частично. (0x12B)
[0713/172227.473:WARNING:pe_image_reader.cc(340)] could not read dos header from C:\Windows\system32\dbghelp.dll
[0713/172227.473:ERROR:process_memory_win.cc(73)] ReadMemory at 0x7fefa620000 of 64 bytes failed: Запрос ReadProcessMemory или WriteProcessMemory был выполнен только частично. (0x12B)
[0713/172227.473:WARNING:pe_image_reader.cc(340)] could not read dos header from C:\Windows\system32\WINHTTP.dll
[0713/172227.473:ERROR:process_memory_win.cc(73)] ReadMemory at 0x7fefa570000 of 64 bytes failed: Запрос ReadProcessMemory или WriteProcessMemory был выполнен только частично. (0x12B)
[0713/172227.473:WARNING:pe_image_reader.cc(340)] could not read dos header from C:\Windows\system32\webio.dll
[0713/172227.473:ERROR:process_memory_win.cc(73)] ReadMemory at 0x7fefa7c0000 of 64 bytes failed: Запрос ReadProcessMemory или WriteProcessMemory был выполнен только частично. (0x12B)
[0713/172227.473:WARNING:pe_image_reader.cc(340)] could not read dos header from C:\Windows\system32\dhcpcsvc.DLL
[0713/172227.473:ERROR:process_memory_win.cc(73)] ReadMemory at 0x7fefd1e0000 of 64 bytes failed: Запрос ReadProcessMemory или WriteProcessMemory был выполнен только частично. (0x12B)
[0713/172227.474:WARNING:pe_image_reader.cc(340)] could not read dos header from C:\Windows\system32\cryptbase.dll
[0713/172227.474:ERROR:process_memory_win.cc(73)] ReadMemory at 0x7fefbd20000 of 64 bytes failed: Запрос ReadProcessMemory или WriteProcessMemory был выполнен только частично. (0x12B)
[0713/172227.474:WARNING:pe_image_reader.cc(340)] could not read dos header from C:\Windows\system32\uxtheme.dll
[0713/172227.474:ERROR:process_memory_win.cc(73)] ReadMemory at 0x13ffb0000 of 64 bytes failed: Запрос ReadProcessMemory или WriteProcessMemory был выполнен только частично. (0x12B)
[0713/172227.474:WARNING:pe_image_reader.cc(340)] could not read dos header from C:\Program Files (x86)\Google\Chrome\Application\chrome.exe
[0713/172227.474:ERROR:process_memory_win.cc(73)] ReadMemory at 0x77620000 of 64 bytes failed: Запрос ReadProcessMemory или WriteProcessMemory был выполнен только частично. (0x12B)
[0713/172227.474:WARNING:pe_image_reader.cc(340)] could not read dos header from C:\Windows\SYSTEM32\ntdll.dll
[0713/172227.474:ERROR:process_memory_win.cc(73)] ReadMemory at 0x77500000 of 64 bytes failed: Запрос ReadProcessMemory или WriteProcessMemory был выполнен только частично. (0x12B)
[0713/172227.474:WARNING:pe_image_reader.cc(340)] could not read dos header from C:\Windows\system32\kernel32.dll
[0713/172227.474:ERROR:process_memory_win.cc(73)] ReadMemory at 0x7fefd670000 of 64 bytes failed: Запрос ReadProcessMemory или WriteProcessMemory был выполнен только частично. (0x12B)
[0713/172227.474:WARNING:pe_image_reader.cc(340)] could not read dos header from C:\Windows\system32\KERNELBASE.dll
[0713/172227.474:ERROR:process_memory_win.cc(73)] ReadMemory at 0x7fee3640000 of 64 bytes failed: Запрос ReadProcessMemory или WriteProcessMemory был выполнен только частично. (0x12B)
[0713/172227.474:WARNING:pe_image_reader.cc(340)] could not read dos header from C:\Program Files (x86)\Google\Chrome\Application\83.0.4103.116\chrome_elf.dll
[0713/172227.474:ERROR:process_memory_win.cc(73)] ReadMemory at 0x7fefc3f0000 of 64 bytes failed: Запрос ReadProcessMemory или WriteProcessMemory был выполнен только частично. (0x12B)
[0713/172227.474:WARNING:pe_image_reader.cc(340)] could not read dos header from C:\Windows\system32\VERSION.dll
[0713/172227.475:ERROR:process_memory_win.cc(73)] ReadMemory at 0x7feff7f0000 of 64 bytes failed: Запрос ReadProcessMemory или WriteProcessMemory был выполнен только частично. (0x12B)
[0713/172227.475:WARNING:pe_image_reader.cc(340)] could not read dos header from C:\Windows\system32\msvcrt.dll
[0713/172227.475:ERROR:process_memory_win.cc(73)] ReadMemory at 0x7fef94e0000 of 64 bytes failed: Запрос ReadProcessMemory или WriteProcessMemory был выполнен только частично. (0x12B)
[0713/172227.475:WARNING:pe_image_reader.cc(340)] could not read dos header from C:\Windows\system32\api-ms-win-core-synch-l1-2-0.DLL
[0713/172227.475:ERROR:process_memory_win.cc(73)] ReadMemory at 0x7fefd9d0000 of 64 bytes failed: Запрос ReadProcessMemory или WriteProcessMemory был выполнен только частично. (0x12B)
[0713/172227.475:WARNING:pe_image_reader.cc(340)] could not read dos header from C:\Windows\system32\GDI32.dll
[0713/172227.475:ERROR:process_memory_win.cc(73)] ReadMemory at 0x77400000 of 64 bytes failed: Запрос ReadProcessMemory или WriteProcessMemory был выполнен только частично. (0x12B)
[0713/172227.475:WARNING:pe_image_reader.cc(340)] could not read dos header from C:\Windows\system32\USER32.dll
[0713/172227.475:ERROR:process_memory_win.cc(73)] ReadMemory at 0x7fefeeb0000 of 64 bytes failed: Запрос ReadProcessMemory или WriteProcessMemory был выполнен только частично. (0x12B)
[0713/172227.475:WARNING:pe_image_reader.cc(340)] could not read dos header from C:\Windows\system32\LPK.dll
[0713/172227.475:ERROR:process_memory_win.cc(73)] ReadMemory at 0x7fefeec0000 of 64 bytes failed: Запрос ReadProcessMemory или WriteProcessMemory был выполнен только частично. (0x12B)
[0713/172227.475:WARNING:pe_image_reader.cc(340)] could not read dos header from C:\Windows\system32\USP10.dll
[0713/172227.475:ERROR:process_memory_win.cc(73)] ReadMemory at 0x7feff7c0000 of 64 bytes failed: Запрос ReadProcessMemory или WriteProcessMemory был выполнен только частично. (0x12B)
[0713/172227.475:WARNING:pe_image_reader.cc(340)] could not read dos header from C:\Windows\system32\IMM32.DLL
[0713/172227.476:ERROR:process_memory_win.cc(73)] ReadMemory at 0x7fefdc20000 of 64 bytes failed: Запрос ReadProcessMemory или WriteProcessMemory был выполнен только частично. (0x12B)
[0713/172227.476:WARNING:pe_image_reader.cc(340)] could not read dos header from C:\Windows\system32\MSCTF.dll
[0713/172227.476:ERROR:process_memory_win.cc(73)] ReadMemory at 0x7fefd2f0000 of 64 bytes failed: Запрос ReadProcessMemory или WriteProcessMemory был выполнен только частично. (0x12B)
[0713/172227.476:WARNING:pe_image_reader.cc(340)] could not read dos header from C:\Windows\system32\nvinitx.dll
[0713/172227.476:ERROR:process_memory_win.cc(73)] ReadMemory at 0x7feff560000 of 64 bytes failed: Запрос ReadProcessMemory или WriteProcessMemory был выполнен только частично. (0x12B)
[0713/172227.476:WARNING:pe_image_reader.cc(340)] could not read dos header from C:\Windows\system32\ADVAPI32.dll
[0713/172227.476:ERROR:process_memory_win.cc(73)] ReadMemory at 0x7feff280000 of 64 bytes failed: Запрос ReadProcessMemory или WriteProcessMemory был выполнен только частично. (0x12B)
[0713/172227.476:WARNING:pe_image_reader.cc(340)] could not read dos header from C:\Windows\SYSTEM32\sechost.dll
[0713/172227.476:ERROR:process_memory_win.cc(73)] ReadMemory at 0x7fefed70000 of 64 bytes failed: Запрос ReadProcessMemory или WriteProcessMemory был выполнен только частично. (0x12B)
[0713/172227.476:WARNING:pe_image_reader.cc(340)] could not read dos header from C:\Windows\system32\RPCRT4.dll
[0713/172227.476:ERROR:process_memory_win.cc(73)] ReadMemory at 0x7fec3b00000 of 64 bytes failed: Запрос ReadProcessMemory или WriteProcessMemory был выполнен только частично. (0x12B)
[0713/172227.476:WARNING:pe_image_reader.cc(340)] could not read dos header from C:\Program Files (x86)\Google\Chrome\Application\83.0.4103.116\chrome.dll
[0713/172227.476:ERROR:process_memory_win.cc(73)] ReadMemory at 0x7fefd980000 of 64 bytes failed: Запрос ReadProcessMemory или WriteProcessMemory был выполнен только частично. (0x12B)
[0713/172227.476:WARNING:pe_image_reader.cc(340)] could not read dos header from C:\Windows\system32\WS2_32.dll
[0713/172227.476:ERROR:process_memory_win.cc(73)] ReadMemory at 0x7fefeea0000 of 64 bytes failed: Запрос ReadProcessMemory или WriteProcessMemory был выполнен только частично. (0x12B)
[0713/172227.476:WARNING:pe_image_reader.cc(340)] could not read dos header from C:\Windows\system32\NSI.dll
[0713/172227.477:ERROR:process_memory_win.cc(73)] ReadMemory at 0x7fefa940000 of 64 bytes failed: Запрос ReadProcessMemory или WriteProcessMemory был выполнен только частично. (0x12B)
[0713/172227.599:WARNING:pe_image_reader.cc(340)] could not read dos header from C:\Windows\system32\IPHLPAPI.DLL
[0713/172227.599:ERROR:process_memory_win.cc(73)] ReadMemory at 0x7fefa900000 of 64 bytes failed: Запрос ReadProcessMemory или WriteProcessMemory был выполнен только частично. (0x12B)
[0713/172227.599:WARNING:pe_image_reader.cc(340)] could not read dos header from C:\Windows\system32\WINNSI.DLL
[0713/172227.599:ERROR:process_memory_win.cc(73)] ReadMemory at 0x7feff6e0000 of 64 bytes failed: Запрос ReadProcessMemory или WriteProcessMemory был выполнен только частично. (0x12B)
[0713/172227.599:WARNING:pe_image_reader.cc(340)] could not read dos header from C:\Windows\system32\OLEAUT32.dll
[0713/172227.599:ERROR:process_memory_win.cc(73)] ReadMemory at 0x7fefd780000 of 64 bytes failed: Запрос ReadProcessMemory или WriteProcessMemory был выполнен только частично. (0x12B)
[0713/172227.599:WARNING:pe_image_reader.cc(340)] could not read dos header from C:\Windows\system32\ole32.dll
[0713/172227.599:ERROR:process_memory_win.cc(73)] ReadMemory at 0x7fefa840000 of 64 bytes failed: Запрос ReadProcessMemory или WriteProcessMemory был выполнен только частично. (0x12B)
[0713/172227.600:WARNING:pe_image_reader.cc(340)] could not read dos header from C:\Windows\system32\WINMM.dll
[0713/172227.600:ERROR:process_memory_win.cc(73)] ReadMemory at 0x7fefcf90000 of 64 bytes failed: Запрос ReadProcessMemory или WriteProcessMemory был выполнен только частично. (0x12B)
[0713/172227.600:WARNING:pe_image_reader.cc(340)] could not read dos header from C:\Windows\system32\Secur32.dll
[0713/172227.600:ERROR:process_memory_win.cc(73)] ReadMemory at 0x7fefd150000 of 64 bytes failed: Запрос ReadProcessMemory или WriteProcessMemory был выполнен только частично. (0x12B)
[0713/172227.600:WARNING:pe_image_reader.cc(340)] could not read dos header from C:\Windows\system32\SSPICLI.DLL
[0713/172227.600:ERROR:process_memory_win.cc(73)] ReadMemory at 0x7fefd5b0000 of 64 bytes failed: Запрос ReadProcessMemory или WriteProcessMemory был выполнен только частично. (0x12B)
[0713/172227.600:WARNING:pe_image_reader.cc(340)] could not read dos header from C:\Windows\system32\USERENV.dll
[0713/172227.600:ERROR:process_memory_win.cc(73)] ReadMemory at 0x7fefd3c0000 of 64 bytes failed: Запрос ReadProcessMemory или WriteProcessMemory был выполнен только частично. (0x12B)
[0713/172227.600:WARNING:pe_image_reader.cc(340)] could not read dos header from C:\Windows\system32\profapi.dll
[0713/172227.600:ERROR:process_memory_win.cc(73)] ReadMemory at 0x7fefd6f0000 of 64 bytes failed: Запрос ReadProcessMemory или WriteProcessMemory был выполнен только частично. (0x12B)
[0713/172227.600:WARNING:pe_image_reader.cc(340)] could not read dos header from C:\Windows\system32\WINTRUST.dll
[0713/172227.600:ERROR:process_memory_win.cc(73)] ReadMemory at 0x7fefd440000 of 64 bytes failed: Запрос ReadProcessMemory или WriteProcessMemory был выполнен только частично. (0x12B)
[0713/172227.600:WARNING:pe_image_reader.cc(340)] could not read dos header from C:\Windows\system32\CRYPT32.dll
[0713/172227.600:ERROR:process_memory_win.cc(73)] ReadMemory at 0x7fefd3d0000 of 64 bytes failed: Запрос ReadProcessMemory или WriteProcessMemory был выполнен только частично. (0x12B)
[0713/172227.600:WARNING:pe_image_reader.cc(340)] could not read dos header from C:\Windows\system32\MSASN1.dll
[0713/172227.600:ERROR:process_memory_win.cc(73)] ReadMemory at 0x7fef2130000 of 64 bytes failed: Запрос ReadProcessMemory или WriteProcessMemory был выполнен только частично. (0x12B)
[0713/172227.600:WARNING:pe_image_reader.cc(340)] could not read dos header from C:\Windows\system32\UIAutomationCore.DLL
[0713/172227.600:ERROR:process_memory_win.cc(73)] ReadMemory at 0x777d0000 of 64 bytes failed: Запрос ReadProcessMemory или WriteProcessMemory был выполнен только частично. (0x12B)
[0713/172227.600:WARNING:pe_image_reader.cc(340)] could not read dos header from C:\Windows\system32\PSAPI.DLL
[0713/172227.600:ERROR:process_memory_win.cc(73)] ReadMemory at 0x7fefc390000 of 64 bytes failed: Запрос ReadProcessMemory или WriteProcessMemory был выполнен только частично. (0x12B)
[0713/172227.600:WARNING:pe_image_reader.cc(340)] could not read dos header from C:\Windows\system32\OLEACC.dll
[0713/172227.600:ERROR:process_memory_win.cc(73)] ReadMemory at 0x7fef2cb0000 of 64 bytes failed: Запрос ReadProcessMemory или WriteProcessMemory был выполнен только частично. (0x12B)
[0713/172227.600:WARNING:pe_image_reader.cc(340)] could not read dos header from C:\Windows\system32\DWrite.dll
[0713/172227.600:ERROR:process_memory_win.cc(73)] ReadMemory at 0x7fefa700000 of 64 bytes failed: Запрос ReadProcessMemory или WriteProcessMemory был выполнен только частично. (0x12B)
[0713/172227.600:WARNING:pe_image_reader.cc(340)] could not read dos header from C:\Windows\system32\WINSPOOL.DRV
[0713/172227.600:ERROR:process_memory_win.cc(73)] ReadMemory at 0x7fef3500000 of 64 bytes failed: Запрос ReadProcessMemory или WriteProcessMemory был выполнен только частично. (0x12B)
[0713/172227.601:WARNING:pe_image_reader.cc(340)] could not read dos header from C:\Windows\system32\dbghelp.dll
[0713/172227.601:ERROR:process_memory_win.cc(73)] ReadMemory at 0x7fefa620000 of 64 bytes failed: Запрос ReadProcessMemory или WriteProcessMemory был выполнен только частично. (0x12B)
[0713/172227.601:WARNING:pe_image_reader.cc(340)] could not read dos header from C:\Windows\system32\WINHTTP.dll
[0713/172227.601:ERROR:process_memory_win.cc(73)] ReadMemory at 0x7fefa570000 of 64 bytes failed: Запрос ReadProcessMemory или WriteProcessMemory был выполнен только частично. (0x12B)
[0713/172227.601:WARNING:pe_image_reader.cc(340)] could not read dos header from C:\Windows\system32\webio.dll
[0713/172227.601:ERROR:process_memory_win.cc(73)] ReadMemory at 0x7fefa7c0000 of 64 bytes failed: Запрос ReadProcessMemory или WriteProcessMemory был выполнен только частично. (0x12B)
[0713/172227.601:WARNING:pe_image_reader.cc(340)] could not read dos header from C:\Windows\system32\dhcpcsvc.DLL
[0713/172227.601:ERROR:process_memory_win.cc(73)] ReadMemory at 0x7fefd1e0000 of 64 bytes failed: Запрос ReadProcessMemory или WriteProcessMemory был выполнен только частично. (0x12B)
[0713/172227.601:WARNING:pe_image_reader.cc(340)] could not read dos header from C:\Windows\system32\cryptbase.dll
[0713/172227.601:ERROR:process_memory_win.cc(73)] ReadMemory at 0x7fefbd20000 of 64 bytes failed: Запрос ReadProcessMemory или WriteProcessMemory был выполнен только частично. (0x12B)
[0713/172227.601:WARNING:pe_image_reader.cc(340)] could not read dos header from C:\Windows\system32\uxtheme.dll
[0713/172227.835:ERROR:process_memory_win.cc(73)] ReadMemory at 0x9ea000 of 24576 bytes failed: Запрос ReadProcessMemory или WriteProcessMemory был выполнен только частично. (0x12B)
[0713/172227.835:ERROR:process_memory_win.cc(73)] ReadMemory at 0x3cbd000 of 12288 bytes failed: Запрос ReadProcessMemory или WriteProcessMemory был выполнен только частично. (0x12B)
[0713/172227.835:ERROR:process_memory_win.cc(73)] ReadMemory at 0x451d000 of 12288 bytes failed: Запрос ReadProcessMemory или WriteProcessMemory был выполнен только частично. (0x12B)
[0713/172227.835:ERROR:process_memory_win.cc(73)] ReadMemory at 0x4eec000 of 16384 bytes failed: Запрос ReadProcessMemory или WriteProcessMemory был выполнен только частично. (0x12B)
[0713/172227.836:ERROR:process_memory_win.cc(73)] ReadMemory at 0x576c000 of 16384 bytes failed: Запрос ReadProcessMemory или WriteProcessMemory был выполнен только частично. (0x12B)
[0713/172227.836:ERROR:process_memory_win.cc(73)] ReadMemory at 0x614f000 of 4096 bytes failed: Запрос ReadProcessMemory или WriteProcessMemory был выполнен только частично. (0x12B)
[0713/172227.836:ERROR:process_memory_win.cc(73)] ReadMemory at 0x69de000 of 8192 bytes failed: Запрос ReadProcessMemory или WriteProcessMemory был выполнен только частично. (0x12B)
[0713/172227.836:ERROR:process_memory_win.cc(73)] ReadMemory at 0x729d000 of 12288 bytes failed: Запрос ReadProcessMemory или WriteProcessMemory был выполнен только частично. (0x12B)
[0713/172227.836:ERROR:process_memory_win.cc(73)] ReadMemory at 0x7e6b000 of 20480 bytes failed: Запрос ReadProcessMemory или WriteProcessMemory был выполнен только частично. (0x12B)
[0713/172227.837:ERROR:process_memory_win.cc(73)] ReadMemory at 0x87bd000 of 12288 bytes failed: Запрос ReadProcessMemory или WriteProcessMemory был выполнен только частично. (0x12B)
[0713/172227.837:ERROR:process_memory_win.cc(73)] ReadMemory at 0x905d000 of 12288 bytes failed: Запрос ReadProcessMemory или WriteProcessMemory был выполнен только частично. (0x12B)
[0713/172227.837:ERROR:process_memory_win.cc(73)] ReadMemory at 0x998d000 of 12288 bytes failed: Запрос ReadProcessMemory или WriteProcessMemory был выполнен только частично. (0x12B)
[0713/172227.837:ERROR:process_memory_win.cc(73)] ReadMemory at 0xa3ad000 of 12288 bytes failed: Запрос ReadProcessMemory или WriteProcessMemory был выполнен только частично. (0x12B)
[0713/172227.837:ERROR:process_memory_win.cc(73)] ReadMemory at 0xabbd000 of 12288 bytes failed: Запрос ReadProcessMemory или WriteProcessMemory был выполнен только частично. (0x12B)
[0713/172227.837:ERROR:process_memory_win.cc(73)] ReadMemory at 0xb45e000 of 8192 bytes failed: Запрос ReadProcessMemory или WriteProcessMemory был выполнен только частично. (0x12B)
[0713/172227.894:ERROR:process_memory_win.cc(73)] ReadMemory at 0x150c0 of 512 bytes failed: Запрос ReadProcessMemory или WriteProcessMemory был выполнен только частично. (0x12B)
[0713/172227.894:ERROR:process_memory_win.cc(73)] ReadMemory at 0xbc1320 of 3272 bytes failed: Запрос ReadProcessMemory или WriteProcessMemory был выполнен только частично. (0x12B)
[0713/172227.894:ERROR:process_memory_win.cc(73)] ReadMemory at 0xbc1ff0 of 1012 bytes failed: Запрос ReadProcessMemory или WriteProcessMemory был выполнен только частично. (0x12B)
[0713/172227.895:ERROR:process_memory_win.cc(73)] ReadMemory at 0xbc25f8 of 672 bytes failed: Запрос ReadProcessMemory или WriteProcessMemory был выполнен только частично. (0x12B)
[0713/172227.895:ERROR:process_memory_win.cc(73)] ReadMemory at 0xbc289a of 118 bytes failed: Запрос ReadProcessMemory или WriteProcessMemory был выполнен только частично. (0x12B)
[0713/172227.895:ERROR:process_memory_win.cc(73)] ReadMemory at 0xbc2912 of 748 bytes failed: Запрос ReadProcessMemory или WriteProcessMemory был выполнен только частично. (0x12B)
[0713/172227.895:ERROR:process_memory_win.cc(73)] ReadMemory at 0xbc2c00 of 118 bytes failed: Запрос ReadProcessMemory или WriteProcessMemory был выполнен только частично. (0x12B)
[0713/172227.895:ERROR:process_memory_win.cc(73)] ReadMemory at 0xbc2c78 of 96 bytes failed: Запрос ReadProcessMemory или WriteProcessMemory был выполнен только частично. (0x12B)
[0713/172227.895:ERROR:process_memory_win.cc(73)] ReadMemory at 0xbc2cf0 of 58 bytes failed: Запрос ReadProcessMemory или WriteProcessMemory был выполнен только частично. (0x12B)
[0713/172227.895:ERROR:process_memory_win.cc(73)] ReadMemory at 0xbc2d80 of 132 bytes failed: Запрос ReadProcessMemory или WriteProcessMemory был выполнен только частично. (0x12B)
[0713/172227.895:ERROR:process_memory_win.cc(73)] ReadMemory at 0xbc2e70 of 132 bytes failed: Запрос ReadProcessMemory или WriteProcessMemory был выполнен только частично. (0x12B)
[0713/172227.896:ERROR:process_memory_win.cc(73)] ReadMemory at 0xbc2f88 of 126 bytes failed: Запрос ReadProcessMemory или WriteProcessMemory был выполнен только частично. (0x12B)
[0713/172227.896:ERROR:process_memory_win.cc(73)] ReadMemory at 0xbc3270 of 64 bytes failed: Запрос ReadProcessMemory или WriteProcessMemory был выполнен только частично. (0x12B)
[0713/172227.896:ERROR:process_memory_win.cc(73)] ReadMemory at 0xbc32c0 of 132 bytes failed: Запрос ReadProcessMemory или WriteProcessMemory был выполнен только частично. (0x12B)
[0713/172227.896:ERROR:process_memory_win.cc(73)] ReadMemory at 0xbc33e0 of 68 bytes failed: Запрос ReadProcessMemory или WriteProcessMemory был выполнен только частично. (0x12B)
[0713/172228.369:ERROR:process_memory_win.cc(73)] ReadMemory at 0xbc3430 of 132 bytes failed: Запрос ReadProcessMemory или WriteProcessMemory был выполнен только частично. (0x12B)
[0713/172228.447:ERROR:process_memory_win.cc(73)] ReadMemory at 0xbc4590 of 154 bytes failed: Запрос ReadProcessMemory или WriteProcessMemory был выполнен только частично. (0x12B)
[0713/172228.447:ERROR:process_memory_win.cc(73)] ReadMemory at 0xbc4640 of 132 bytes failed: Запрос ReadProcessMemory или WriteProcessMemory был выполнен только частично. (0x12B)
[0713/172228.447:ERROR:process_memory_win.cc(73)] ReadMemory at 0xbc4dc0 of 60 bytes failed: Запрос ReadProcessMemory или WriteProcessMemory был выполнен только частично. (0x12B)
[0713/172228.447:ERROR:process_memory_win.cc(73)] ReadMemory at 0xbc4e10 of 132 bytes failed: Запрос ReadProcessMemory или WriteProcessMemory был выполнен только частично. (0x12B)
[0713/172228.642:ERROR:process_memory_win.cc(73)] ReadMemory at 0xbc5050 of 62 bytes failed: Запрос ReadProcessMemory или WriteProcessMemory был выполнен только частично. (0x12B)
[0713/172228.655:ERROR:process_memory_win.cc(73)] ReadMemory at 0xbc50a0 of 132 bytes failed: Запрос ReadProcessMemory или WriteProcessMemory был выполнен только частично. (0x12B)
[0713/172228.655:ERROR:process_memory_win.cc(73)] ReadMemory at 0xbfffe0 of 60 bytes failed: Запрос ReadProcessMemory или WriteProcessMemory был выполнен только частично. (0x12B)
[0713/172228.731:ERROR:process_memory_win.cc(73)] ReadMemory at 0xc00070 of 104 bytes failed: Запрос ReadProcessMemory или WriteProcessMemory был выполнен только частично. (0x12B)
[0713/172228.778:ERROR:process_memory_win.cc(73)] ReadMemory at 0xc000f0 of 132 bytes failed: Запрос ReadProcessMemory или WriteProcessMemory был выполнен только частично. (0x12B)
[0713/172228.778:ERROR:process_memory_win.cc(73)] ReadMemory at 0xc03e70 of 54 bytes failed: Запрос ReadProcessMemory или WriteProcessMemory был выполнен только частично. (0x12B)
[0713/172228.778:ERROR:process_memory_win.cc(73)] ReadMemory at 0xc046e0 of 58 bytes failed: Запрос ReadProcessMemory или WriteProcessMemory был выполнен только частично. (0x12B)
[0713/172229.178:ERROR:process_memory_win.cc(73)] ReadMemory at 0xc050a0 of 132 bytes failed: Запрос ReadProcessMemory или WriteProcessMemory был выполнен только частично. (0x12B)
[0713/172229.196:ERROR:process_memory_win.cc(73)] ReadMemory at 0xc05190 of 132 bytes failed: Запрос ReadProcessMemory или WriteProcessMemory был выполнен только частично. (0x12B)
[0713/172229.196:ERROR:process_memory_win.cc(73)] ReadMemory at 0xc05280 of 132 bytes failed: Запрос ReadProcessMemory или WriteProcessMemory был выполнен только частично. (0x12B)
[0713/172229.196:ERROR:process_memory_win.cc(73)] ReadMemory at 0xc05370 of 58 bytes failed: Запрос ReadProcessMemory или WriteProcessMemory был выполнен только частично. (0x12B)
[0713/172229.196:ERROR:process_memory_win.cc(73)] ReadMemory at 0xc053c0 of 132 bytes failed: Запрос ReadProcessMemory или WriteProcessMemory был выполнен только частично. (0x12B)
[0713/172229.196:ERROR:process_memory_win.cc(73)] ReadMemory at 0xc054b0 of 132 bytes failed: Запрос ReadProcessMemory или WriteProcessMemory был выполнен только частично. (0x12B)
[0713/172229.222:ERROR:process_memory_win.cc(73)] ReadMemory at 0xc05710 of 58 bytes failed: Запрос ReadProcessMemory или WriteProcessMemory был выполнен только частично. (0x12B)
[0713/172229.222:ERROR:process_memory_win.cc(73)] ReadMemory at 0xc05760 of 58 bytes failed: Запрос ReadProcessMemory или WriteProcessMemory был выполнен только частично. (0x12B)
[0713/172229.223:ERROR:process_memory_win.cc(73)] ReadMemory at 0xc057b0 of 62 bytes failed: Запрос ReadProcessMemory или WriteProcessMemory был выполнен только частично. (0x12B)
[0713/172229.223:ERROR:process_memory_win.cc(73)] ReadMemory at 0xc05800 of 64 bytes failed: Запрос ReadProcessMemory или WriteProcessMemory был выполнен только частично. (0x12B)
[0713/172229.223:ERROR:process_memory_win.cc(73)] ReadMemory at 0xc05850 of 62 bytes failed: Запрос ReadProcessMemory или WriteProcessMemory был выполнен только частично. (0x12B)
[0713/172229.223:ERROR:process_memory_win.cc(73)] ReadMemory at 0xc058a0 of 60 bytes failed: Запрос ReadProcessMemory или WriteProcessMemory был выполнен только частично. (0x12B)
[0713/172229.223:ERROR:process_memory_win.cc(73)] ReadMemory at 0xc05940 of 60 bytes failed: Запрос ReadProcessMemory или WriteProcessMemory был выполнен только частично. (0x12B)
[0713/172229.223:ERROR:process_memory_win.cc(73)] ReadMemory at 0xc05990 of 64 bytes failed: Запрос ReadProcessMemory или WriteProcessMemory был выполнен только частично. (0x12B)
[0713/172229.223:ERROR:process_memory_win.cc(73)] ReadMemory at 0xc059e0 of 60 bytes failed: Запрос ReadProcessMemory или WriteProcessMemory был выполнен только частично. (0x12B)
[0713/172229.224:ERROR:process_memory_win.cc(73)] ReadMemory at 0xc05a30 of 64 bytes failed: Запрос ReadProcessMemory или WriteProcessMemory был выполнен только частично. (0x12B)
[0713/172229.224:ERROR:process_memory_win.cc(73)] ReadMemory at 0xc05a80 of 58 bytes failed: Запрос ReadProcessMemory или WriteProcessMemory был выполнен только частично. (0x12B)
[0713/172229.224:ERROR:process_memory_win.cc(73)] ReadMemory at 0xc05ad0 of 58 bytes failed: Запрос ReadProcessMemory или WriteProcessMemory был выполнен только частично. (0x12B)
[0713/172229.224:ERROR:process_memory_win.cc(73)] ReadMemory at 0xc05b20 of 62 bytes failed: Запрос ReadProcessMemory или WriteProcessMemory был выполнен только частично. (0x12B)
[0713/172229.224:ERROR:process_memory_win.cc(73)] ReadMemory at 0xc05b70 of 62 bytes failed: Запрос ReadProcessMemory или WriteProcessMemory был выполнен только частично. (0x12B)
[0713/172229.224:ERROR:process_memory_win.cc(73)] ReadMemory at 0xc05bc0 of 62 bytes failed: Запрос ReadProcessMemory или WriteProcessMemory был выполнен только частично. (0x12B)
[0713/172229.224:ERROR:process_memory_win.cc(73)] ReadMemory at 0xc05c10 of 62 bytes failed: Запрос ReadProcessMemory или WriteProcessMemory был выполнен только частично. (0x12B)
[0713/172229.224:ERROR:process_memory_win.cc(73)] ReadMemory at 0xc05c60 of 64 bytes failed: Запрос ReadProcessMemory или WriteProcessMemory был выполнен только частично. (0x12B)
[0713/172229.225:ERROR:process_memory_win.cc(73)] ReadMemory at 0xc05cb0 of 62 bytes failed: Запрос ReadProcessMemory или WriteProcessMemory был выполнен только частично. (0x12B)
[0713/172229.225:ERROR:process_memory_win.cc(73)] ReadMemory at 0xc05d00 of 60 bytes failed: Запрос ReadProcessMemory или WriteProcessMemory был выполнен только частично. (0x12B)
[0713/172229.225:ERROR:process_memory_win.cc(73)] ReadMemory at 0xc05d50 of 58 bytes failed: Запрос ReadProcessMemory или WriteProcessMemory был выполнен только частично. (0x12B)
[0713/172229.225:ERROR:process_memory_win.cc(73)] ReadMemory at 0xc05da0 of 60 bytes failed: Запрос ReadProcessMemory или WriteProcessMemory был выполнен только частично. (0x12B)
[0713/172229.225:ERROR:process_memory_win.cc(73)] ReadMemory at 0xc05df0 of 60 bytes failed: Запрос ReadProcessMemory или WriteProcessMemory был выполнен только частично. (0x12B)
[0713/172229.225:ERROR:process_memory_win.cc(73)] ReadMemory at 0xc05e40 of 64 bytes failed: Запрос ReadProcessMemory или WriteProcessMemory был выполнен только частично. (0x12B)
[0713/172229.225:ERROR:process_memory_win.cc(73)] ReadMemory at 0xc05e90 of 62 bytes failed: Запрос ReadProcessMemory или WriteProcessMemory был выполнен только частично. (0x12B)
[0713/172229.225:ERROR:process_memory_win.cc(73)] ReadMemory at 0xc05ee0 of 62 bytes failed: Запрос ReadProcessMemory или WriteProcessMemory был выполнен только частично. (0x12B)
[0713/172229.225:ERROR:process_memory_win.cc(73)] ReadMemory at 0xc05f30 of 58 bytes failed: Запрос ReadProcessMemory или WriteProcessMemory был выполнен только частично. (0x12B)
[0713/172229.226:ERROR:process_memory_win.cc(73)] ReadMemory at 0xc05f80 of 64 bytes failed: Запрос ReadProcessMemory или WriteProcessMemory был выполнен только частично. (0x12B)
[0713/172229.226:ERROR:process_memory_win.cc(73)] ReadMemory at 0xc066e0 of 132 bytes failed: Запрос ReadProcessMemory или WriteProcessMemory был выполнен только частично. (0x12B)
[0713/172229.257:ERROR:process_memory_win.cc(73)] ReadMemory at 0xc08060 of 132 bytes failed: Запрос ReadProcessMemory или WriteProcessMemory был выполнен только частично. (0x12B)
[0713/172229.257:ERROR:process_memory_win.cc(73)] ReadMemory at 0xc08150 of 132 bytes failed: Запрос ReadProcessMemory или WriteProcessMemory был выполнен только частично. (0x12B)
[0713/172229.257:ERROR:process_memory_win.cc(73)] ReadMemory at 0xc08240 of 132 bytes failed: Запрос ReadProcessMemory или WriteProcessMemory был выполнен только частично. (0x12B)
[0713/172229.257:ERROR:process_memory_win.cc(73)] ReadMemory at 0xc08330 of 132 bytes failed: Запрос ReadProcessMemory или WriteProcessMemory был выполнен только частично. (0x12B)
[0713/172229.258:ERROR:process_memory_win.cc(73)] ReadMemory at 0xc08420 of 132 bytes failed: Запрос ReadProcessMemory или WriteProcessMemory был выполнен только частично. (0x12B)
[0713/172229.258:ERROR:process_memory_win.cc(73)] ReadMemory at 0xc08510 of 132 bytes failed: Запрос ReadProcessMemory или WriteProcessMemory был выполнен только частично. (0x12B)
[0713/172229.258:ERROR:process_memory_win.cc(73)] ReadMemory at 0xc08600 of 132 bytes failed: Запрос ReadProcessMemory или WriteProcessMemory был выполнен только частично. (0x12B)
[0713/172229.258:ERROR:process_memory_win.cc(73)] ReadMemory at 0xc086f0 of 132 bytes failed: Запрос ReadProcessMemory или WriteProcessMemory был выполнен только частично. (0x12B)
[0713/172229.329:ERROR:process_memory_win.cc(73)] ReadMemory at 0xc087e0 of 132 bytes failed: Запрос ReadProcessMemory или WriteProcessMemory был выполнен только частично. (0x12B)
[0713/172229.329:ERROR:process_memory_win.cc(73)] ReadMemory at 0xc088d0 of 132 bytes failed: Запрос ReadProcessMemory или WriteProcessMemory был выполнен только частично. (0x12B)
[0713/172229.329:ERROR:process_memory_win.cc(73)] ReadMemory at 0xc089c0 of 132 bytes failed: Запрос ReadProcessMemory или WriteProcessMemory был выполнен только частично. (0x12B)
[0713/172229.330:ERROR:process_memory_win.cc(73)] ReadMemory at 0xc08ab0 of 132 bytes failed: Запрос ReadProcessMemory или WriteProcessMemory был выполнен только частично. (0x12B)
[0713/172229.330:ERROR:process_memory_win.cc(73)] ReadMemory at 0xc08ba0 of 132 bytes failed: Запрос ReadProcessMemory или WriteProcessMemory был выполнен только частично. (0x12B)
[0713/172229.330:ERROR:process_memory_win.cc(73)] ReadMemory at 0xc08c90 of 132 bytes failed: Запрос ReadProcessMemory или WriteProcessMemory был выполнен только частично. (0x12B)
[0713/172229.330:ERROR:process_memory_win.cc(73)] ReadMemory at 0xc08d80 of 132 bytes failed: Запрос ReadProcessMemory или WriteProcessMemory был выполнен только частично. (0x12B)
[0713/172229.330:ERROR:process_memory_win.cc(73)] ReadMemory at 0xc08e70 of 132 bytes failed: Запрос ReadProcessMemory или WriteProcessMemory был выполнен только частично. (0x12B)
[0713/172229.330:ERROR:process_memory_win.cc(73)] ReadMemory at 0xc08f60 of 132 bytes failed: Запрос ReadProcessMemory или WriteProcessMemory был выполнен только частично. (0x12B)
[0713/172229.330:ERROR:process_memory_win.cc(73)] ReadMemory at 0xc09050 of 132 bytes failed: Запрос ReadProcessMemory или WriteProcessMemory был выполнен только частично. (0x12B)
[0713/172229.331:ERROR:process_memory_win.cc(73)] ReadMemory at 0xc09140 of 132 bytes failed: Запрос ReadProcessMemory или WriteProcessMemory был выполнен только частично. (0x12B)
[0713/172229.454:ERROR:process_memory_win.cc(73)] ReadMemory at 0xc09230 of 132 bytes failed: Запрос ReadProcessMemory или WriteProcessMemory был выполнен только частично. (0x12B)
[0713/172229.455:ERROR:process_memory_win.cc(73)] ReadMemory at 0xc09320 of 132 bytes failed: Запрос ReadProcessMemory или WriteProcessMemory был выполнен только частично. (0x12B)
[0713/172229.455:ERROR:process_memory_win.cc(73)] ReadMemory at 0xc09410 of 132 bytes failed: Запрос ReadProcessMemory или WriteProcessMemory был выполнен только частично. (0x12B)
[0713/172229.469:ERROR:process_memory_win.cc(73)] ReadMemory at 0xc09500 of 132 bytes failed: Запрос ReadProcessMemory или WriteProcessMemory был выполнен только частично. (0x12B)
[0713/172229.485:ERROR:process_memory_win.cc(73)] ReadMemory at 0xc095f0 of 132 bytes failed: Запрос ReadProcessMemory или WriteProcessMemory был выполнен только частично. (0x12B)
[0713/172229.486:ERROR:process_memory_win.cc(73)] ReadMemory at 0xc096e0 of 132 bytes failed: Запрос ReadProcessMemory или WriteProcessMemory был выполнен только частично. (0x12B)
[0713/172229.486:ERROR:process_memory_win.cc(73)] ReadMemory at 0xc097d0 of 132 bytes failed: Запрос ReadProcessMemory или WriteProcessMemory был выполнен только частично. (0x12B)
[0713/172229.486:ERROR:process_memory_win.cc(73)] ReadMemory at 0xc098c0 of 132 bytes failed: Запрос ReadProcessMemory или WriteProcessMemory был выполнен только частично. (0x12B)
[0713/172229.486:ERROR:process_memory_win.cc(73)] ReadMemory at 0xc099b0 of 624 bytes failed: Запрос ReadProcessMemory или WriteProcessMemory был выполнен только частично. (0x12B)
[0713/172229.486:ERROR:process_memory_win.cc(73)] ReadMemory at 0xc09c80 of 132 bytes failed: Запрос ReadProcessMemory или WriteProcessMemory был выполнен только частично. (0x12B)
[0713/172229.486:ERROR:process_memory_win.cc(73)] ReadMemory at 0xc0aa60 of 54 bytes failed: Запрос ReadProcessMemory или WriteProcessMemory был выполнен только частично. (0x12B)
[0713/172229.486:ERROR:process_memory_win.cc(73)] ReadMemory at 0xc0be20 of 146 bytes failed: Запрос ReadProcessMemory или WriteProcessMemory был выполнен только частично. (0x12B)
[0713/172229.487:ERROR:process_memory_win.cc(73)] ReadMemory at 0xc0e920 of 80 bytes failed: Запрос ReadProcessMemory или WriteProcessMemory был выполнен только частично. (0x12B)
[0713/172229.487:ERROR:process_memory_win.cc(73)] ReadMemory at 0xc1aa70 of 66 bytes failed: Запрос ReadProcessMemory или WriteProcessMemory был выполнен только частично. (0x12B)
[0713/172229.487:ERROR:process_memory_win.cc(73)] ReadMemory at 0xc25e90 of 592 bytes failed: Запрос ReadProcessMemory или WriteProcessMemory был выполнен только частично. (0x12B)
[0713/172229.512:ERROR:process_memory_win.cc(73)] ReadMemory at 0xd44180 of 512 bytes failed: Запрос ReadProcessMemory или WriteProcessMemory был выполнен только частично. (0x12B)
[0713/172229.513:ERROR:process_memory_win.cc(73)] ReadMemory at 0x1939340 of 512 bytes failed: Запрос ReadProcessMemory или WriteProcessMemory был выполнен только частично. (0x12B)
[0713/172229.513:ERROR:process_memory_win.cc(73)] ReadMemory at 0x1946e10 of 512 bytes failed: Запрос ReadProcessMemory или WriteProcessMemory был выполнен только частично. (0x12B)
[0713/172229.513:ERROR:process_memory_win.cc(73)] ReadMemory at 0x194cd60 of 712 bytes failed: Запрос ReadProcessMemory или WriteProcessMemory был выполнен только частично. (0x12B)
[0713/172229.698:ERROR:process_memory_win.cc(73)] ReadMemory at 0x1955530 of 512 bytes failed: Запрос ReadProcessMemory или WriteProcessMemory был выполнен только частично. (0x12B)
[0713/172229.699:ERROR:process_memory_win.cc(73)] ReadMemory at 0x1959930 of 512 bytes failed: Запрос ReadProcessMemory или WriteProcessMemory был выполнен только частично. (0x12B)
[0713/172229.699:ERROR:process_memory_win.cc(73)] ReadMemory at 0x195bb10 of 512 bytes failed: Запрос ReadProcessMemory или WriteProcessMemory был выполнен только частично. (0x12B)
[0713/172229.699:ERROR:process_memory_win.cc(73)] ReadMemory at 0x1960a70 of 512 bytes failed: Запрос ReadProcessMemory или WriteProcessMemory был выполнен только частично. (0x12B)
[0713/172229.699:ERROR:process_memory_win.cc(73)] ReadMemory at 0x1982dc0 of 512 bytes failed: Запрос ReadProcessMemory или WriteProcessMemory был выполнен только частично. (0x12B)
[0713/172229.699:ERROR:process_memory_win.cc(73)] ReadMemory at 0x19a8a80 of 512 bytes failed: Запрос ReadProcessMemory или WriteProcessMemory был выполнен только частично. (0x12B)
[0713/172229.699:ERROR:process_memory_win.cc(73)] ReadMemory at 0x19ab110 of 512 bytes failed: Запрос ReadProcessMemory или WriteProcessMemory был выполнен только частично. (0x12B)
[0713/172230.085:ERROR:process_memory_win.cc(73)] ReadMemory at 0x19b2720 of 512 bytes failed: Запрос ReadProcessMemory или WriteProcessMemory был выполнен только частично. (0x12B)
[0713/172230.085:ERROR:process_memory_win.cc(73)] ReadMemory at 0x19b7ae0 of 512 bytes failed: Запрос ReadProcessMemory или WriteProcessMemory был выполнен только частично. (0x12B)
[0713/172230.085:ERROR:process_memory_win.cc(73)] ReadMemory at 0x19b8ec0 of 512 bytes failed: Запрос ReadProcessMemory или WriteProcessMemory был выполнен только частично. (0x12B)
[0713/172230.086:ERROR:process_memory_win.cc(73)] ReadMemory at 0x1a23910 of 512 bytes failed: Запрос ReadProcessMemory или WriteProcessMemory был выполнен только частично. (0x12B)
[0713/172230.086:ERROR:process_memory_win.cc(73)] ReadMemory at 0x1c88b90 of 512 bytes failed: Запрос ReadProcessMemory или WriteProcessMemory был выполнен только частично. (0x12B)
[0713/172230.086:ERROR:process_memory_win.cc(73)] ReadMemory at 0x7329660 of 832 bytes failed: Запрос ReadProcessMemory или WriteProcessMemory был выполнен только частично. (0x12B)
[0713/172230.086:ERROR:process_memory_win.cc(73)] ReadMemory at 0x77627bc8 of 18 bytes failed: Запрос ReadProcessMemory или WriteProcessMemory был выполнен только частично. (0x12B)
[0713/172230.103:ERROR:process_memory_win.cc(73)] ReadMemory at 0x7762a6c8 of 576 bytes failed: Запрос ReadProcessMemory или WriteProcessMemory был выполнен только частично. (0x12B)
[0713/172230.103:ERROR:process_memory_win.cc(73)] ReadMemory at 0x7762a928 of 672 bytes failed: Запрос ReadProcessMemory или WriteProcessMemory был выполнен только частично. (0x12B)
[0713/172230.398:ERROR:process_memory_win.cc(73)] ReadMemory at 0x77633160 of 512 bytes failed: Запрос ReadProcessMemory или WriteProcessMemory был выполнен только частично. (0x12B)
[0713/172230.398:ERROR:process_memory_win.cc(73)] ReadMemory at 0x7768976a of 592 bytes failed: Запрос ReadProcessMemory или WriteProcessMemory был выполнен только частично. (0x12B)
[0713/172230.398:ERROR:process_memory_win.cc(73)] ReadMemory at 0x77689cda of 512 bytes failed: Запрос ReadProcessMemory или WriteProcessMemory был выполнен только частично. (0x12B)
[0713/172230.398:ERROR:process_memory_win.cc(73)] ReadMemory at 0x7768b01a of 528 bytes failed: Запрос ReadProcessMemory или WriteProcessMemory был выполнен только частично. (0x12B)
[0713/172230.399:ERROR:process_memory_win.cc(73)] ReadMemory at 0x77719440 of 512 bytes failed: Запрос ReadProcessMemory или WriteProcessMemory был выполнен только частично. (0x12B)
[0713/172230.420:ERROR:process_memory_win.cc(73)] ReadMemory at 0x777480d8 of 40 bytes failed: Запрос ReadProcessMemory или WriteProcessMemory был выполнен только частично. (0x12B)
[0713/172230.420:ERROR:process_memory_win.cc(73)] ReadMemory at 0x77752dc0 of 48 bytes failed: Запрос ReadProcessMemory или WriteProcessMemory был выполнен только частично. (0x12B)
[0713/172230.420:ERROR:process_memory_win.cc(73)] ReadMemory at 0x77752e40 of 64 bytes failed: Запрос ReadProcessMemory или WriteProcessMemory был выполнен только частично. (0x12B)
[0713/172230.420:ERROR:process_memory_win.cc(73)] ReadMemory at 0x3003f8ec460 of 512 bytes failed: Запрос ReadProcessMemory или WriteProcessMemory был выполнен только частично. (0x12B)
[0713/172230.421:ERROR:process_memory_win.cc(73)] ReadMemory at 0x6f041404000 of 384 bytes failed: Запрос ReadProcessMemory или WriteProcessMemory был выполнен только частично. (0x12B)
[0713/172230.421:ERROR:process_memory_win.cc(73)] ReadMemory at 0x6f04141bf80 of 512 bytes failed: Запрос ReadProcessMemory или WriteProcessMemory был выполнен только частично. (0x12B)
[0713/172230.421:ERROR:process_memory_win.cc(73)] ReadMemory at 0x7fec52231f0 of 512 bytes failed: Запрос ReadProcessMemory или WriteProcessMemory был выполнен только частично. (0x12B)
[0713/172230.421:ERROR:process_memory_win.cc(73)] ReadMemory at 0x7fec6dcf070 of 512 bytes failed: Запрос ReadProcessMemory или WriteProcessMemory был выполнен только частично. (0x12B)
[0713/172230.722:ERROR:process_memory_win.cc(73)] ReadMemory at 0x7fec70c0320 of 512 bytes failed: Запрос ReadProcessMemory или WriteProcessMemory был выполнен только частично. (0x12B)
[0713/172230.722:ERROR:process_memory_win.cc(73)] ReadMemory at 0x7fec850c998 of 512 bytes failed: Запрос ReadProcessMemory или WriteProcessMemory был выполнен только частично. (0x12B)
[0713/172230.723:ERROR:process_memory_win.cc(73)] ReadMemory at 0x7fecb4a1490 of 512 bytes failed: Запрос ReadProcessMemory или WriteProcessMemory был выполнен только частично. (0x12B)
[0713/172230.723:ERROR:process_memory_win.cc(73)] ReadMemory at 0x7fee36679a5 of 512 bytes failed: Запрос ReadProcessMemory или WriteProcessMemory был выполнен только частично. (0x12B)
[0713/172230.723:ERROR:process_memory_win.cc(73)] ReadMemory at 0x7fee3668180 of 512 bytes failed: Запрос ReadProcessMemory или WriteProcessMemory был выполнен только частично. (0x12B)
[0713/172230.723:ERROR:process_memory_win.cc(73)] ReadMemory at 0x7fffff9e000 of 6024 bytes failed: Запрос ReadProcessMemory или WriteProcessMemory был выполнен только частично. (0x12B)
[0713/172230.723:ERROR:process_memory_win.cc(73)] ReadMemory at 0x7fffffa0000 of 6024 bytes failed: Запрос ReadProcessMemory или WriteProcessMemory был выполнен только частично. (0x12B)
[0713/172230.724:ERROR:process_memory_win.cc(73)] ReadMemory at 0x7fffffa2000 of 6024 bytes failed: Запрос ReadProcessMemory или WriteProcessMemory был выполнен только частично. (0x12B)
[0713/172230.724:ERROR:process_memory_win.cc(73)] ReadMemory at 0x7fffffa4000 of 6024 bytes failed: Запрос ReadProcessMemory или WriteProcessMemory был выполнен только частично. (0x12B)
[0713/172230.724:ERROR:process_memory_win.cc(73)] ReadMemory at 0x7fffffa6000 of 6024 bytes failed: Запрос ReadProcessMemory или WriteProcessMemory был выполнен только частично. (0x12B)
[0713/172230.724:ERROR:process_memory_win.cc(73)] ReadMemory at 0x7fffffa8000 of 6024 bytes failed: Запрос ReadProcessMemory или WriteProcessMemory был выполнен только частично. (0x12B)
[0713/172230.725:ERROR:process_memory_win.cc(73)] ReadMemory at 0x7fffffaa000 of 6024 bytes failed: Запрос ReadProcessMemory или WriteProcessMemory был выполнен только частично. (0x12B)
[0713/172230.725:ERROR:process_memory_win.cc(73)] ReadMemory at 0x7fffffac000 of 6024 bytes failed: Запрос ReadProcessMemory или WriteProcessMemory был выполнен только частично. (0x12B)
[0713/172230.725:ERROR:process_memory_win.cc(73)] ReadMemory at 0x7fffffae000 of 6024 bytes failed: Запрос ReadProcessMemory или WriteProcessMemory был выполнен только частично. (0x12B)
[0713/172230.725:ERROR:process_memory_win.cc(73)] ReadMemory at 0x7fffffd3000 of 6024 bytes failed: Запрос ReadProcessMemory или WriteProcessMemory был выполнен только частично. (0x12B)
[0713/172230.725:ERROR:process_memory_win.cc(73)] ReadMemory at 0x7fffffd5000 of 6024 bytes failed: Запрос ReadProcessMemory или WriteProcessMemory был выполнен только частично. (0x12B)
[0713/172230.726:ERROR:process_memory_win.cc(73)] ReadMemory at 0x7fffffd7000 of 6024 bytes failed: Запрос ReadProcessMemory или WriteProcessMemory был выполнен только частично. (0x12B)
[0713/172230.726:ERROR:process_memory_win.cc(73)] ReadMemory at 0x7fffffd9000 of 6024 bytes failed: Запрос ReadProcessMemory или WriteProcessMemory был выполнен только частично. (0x12B)
[0713/172230.726:ERROR:process_memory_win.cc(73)] ReadMemory at 0x7fffffdb000 of 852 bytes failed: Запрос ReadProcessMemory или WriteProcessMemory был выполнен только частично. (0x12B)
[0713/172230.726:ERROR:process_memory_win.cc(73)] ReadMemory at 0x7fffffdc000 of 6024 bytes failed: Запрос ReadProcessMemory или WriteProcessMemory был выполнен только частично. (0x12B)
[0713/172230.726:ERROR:process_memory_win.cc(73)] ReadMemory at 0x7fffffde000 of 6024 bytes failed: Запрос ReadProcessMemory или WriteProcessMemory был выполнен только частично. (0x12B)
[0713/172230.831:ERROR:scoped_process_suspend.cc(40)] NtResumeProcess: Попытка доступа к процессу, выполняющему процедуру завершения. (0xc000010a)
